\BOOKMARK [1][-]{section.1}{Einf\374hrung}{}
\BOOKMARK [2][-]{subsection.1.1}{Einfache Programme}{section.1}
\BOOKMARK [1][-]{section.2}{Eigenschaften zur Sprache}{}
\BOOKMARK [2][-]{subsection.2.1}{Paradigmen}{section.2}
\BOOKMARK [2][-]{subsection.2.2}{Operationen sind Objekte}{section.2}
\BOOKMARK [2][-]{subsection.2.3}{Varablendeklarationen}{section.2}
\BOOKMARK [2][-]{subsection.2.4}{if/else und while}{section.2}
\BOOKMARK [2][-]{subsection.2.5}{for-Schleife}{section.2}
\BOOKMARK [2][-]{subsection.2.6}{try-catch, throw und finally}{section.2}
\BOOKMARK [2][-]{subsection.2.7}{Enumerations}{section.2}
\BOOKMARK [2][-]{subsection.2.8}{Linearisierung der Objekthierarchie}{section.2}
\BOOKMARK [1][-]{section.3}{Funktionen}{}
\BOOKMARK [2][-]{subsection.3.1}{Verschachtelte Funktionen und Parameter}{section.3}
\BOOKMARK [2][-]{subsection.3.2}{Parameter}{section.3}
\BOOKMARK [2][-]{subsection.3.3}{Typparameter}{section.3}
\BOOKMARK [2][-]{subsection.3.4}{Funktionen in Container}{section.3}
\BOOKMARK [3][-]{subsubsection.3.4.1}{Callback}{subsection.3.4}
\BOOKMARK [3][-]{subsubsection.3.4.2}{Anonyme Funktionen}{subsection.3.4}
\BOOKMARK [2][-]{subsection.3.5}{Partielle Methoden und Funktionen}{section.3}
\BOOKMARK [2][-]{subsection.3.6}{Schwanzrekursion}{section.3}
\BOOKMARK [2][-]{subsection.3.7}{Currying}{section.3}
\BOOKMARK [1][-]{section.4}{FP in Scala}{}
\BOOKMARK [2][-]{subsection.4.1}{Was FP ist}{section.4}
\BOOKMARK [2][-]{subsection.4.2}{FP in Scala}{section.4}
\BOOKMARK [2][-]{subsection.4.3}{Tail Calls}{section.4}
\BOOKMARK [2][-]{subsection.4.4}{Funktionale Datenstrukturen}{section.4}
\BOOKMARK [2][-]{subsection.4.5}{Traversieren, Filtering, Folding und Reducing}{section.4}
\BOOKMARK [2][-]{subsection.4.6}{Currying}{section.4}
\BOOKMARK [2][-]{subsection.4.7}{Lazy Vals}{section.4}
\BOOKMARK [1][-]{section.5}{Listen}{}
\BOOKMARK [2][-]{subsection.5.1}{List[T]}{section.5}
\BOOKMARK [2][-]{subsection.5.2}{Transformation}{section.5}
\BOOKMARK [2][-]{subsection.5.3}{Tupel}{section.5}
\BOOKMARK [2][-]{subsection.5.4}{Map[K,V]}{section.5}
\BOOKMARK [1][-]{section.6}{Klassen und Objekte}{}
\BOOKMARK [2][-]{subsection.6.1}{Klassen}{section.6}
\BOOKMARK [2][-]{subsection.6.2}{Klassenimport}{section.6}
\BOOKMARK [2][-]{subsection.6.3}{Klassenhierarchie}{section.6}
\BOOKMARK [2][-]{subsection.6.4}{Overriding}{section.6}
\BOOKMARK [2][-]{subsection.6.5}{Abstraktion}{section.6}
\BOOKMARK [2][-]{subsection.6.6}{Companion Objekte}{section.6}
\BOOKMARK [2][-]{subsection.6.7}{Komposition}{section.6}
\BOOKMARK [2][-]{subsection.6.8}{Dekomposition}{section.6}
\BOOKMARK [2][-]{subsection.6.9}{Case-Klassen}{section.6}
\BOOKMARK [2][-]{subsection.6.10}{Pattern Matching}{section.6}
\BOOKMARK [2][-]{subsection.6.11}{traits}{section.6}
\BOOKMARK [1][-]{section.7}{Varianz}{}
\BOOKMARK [2][-]{subsection.7.1}{Varianzregeln}{section.7}
\BOOKMARK [2][-]{subsection.7.2}{Invariante Parametertypen}{section.7}
\BOOKMARK [2][-]{subsection.7.3}{Kovariante Parametertypen}{section.7}
